<?xml version="1.0" encoding="UTF-8"?>
<testng-results ignored="0" total="1" passed="1" failed="0" skipped="0">
  <reporter-output>
  </reporter-output>
  <suite started-at="2026-04-07T16:06:02 IST" name="Default suite" finished-at="2026-04-07T16:06:43 IST" duration-ms="41499">
    <groups>
    </groups>
    <test started-at="2026-04-07T16:06:02 IST" name="Default test" finished-at="2026-04-07T16:06:43 IST" duration-ms="41499">
      <class name="testcases.HomeTest">
        <test-method is-config="true" signature="Setup()[pri:0, instance:testcases.HomeTest@34e9fd99]" started-at="2026-04-07T16:06:02 IST" name="Setup" finished-at="2026-04-07T16:06:32 IST" duration-ms="29878" status="PASS">
          <reporter-output>
          </reporter-output>
        </test-method> <!-- Setup -->
        <test-method signature="homePageTest()[pri:0, instance:testcases.HomeTest@34e9fd99]" started-at="2026-04-07T16:06:32 IST" name="homePageTest" finished-at="2026-04-07T16:06:43 IST" duration-ms="11352" status="PASS">
          <reporter-output>
          </reporter-output>
        </test-method> <!-- homePageTest -->
        <test-method is-config="true" signature="tearDown()[pri:0, instance:testcases.HomeTest@34e9fd99]" started-at="2026-04-07T16:06:43 IST" name="tearDown" finished-at="2026-04-07T16:06:43 IST" duration-ms="209" status="PASS">
          <reporter-output>
          </reporter-output>
        </test-method> <!-- tearDown -->
      </class> <!-- testcases.HomeTest -->
    </test> <!-- Default test -->
  </suite> <!-- Default suite -->
</testng-results>
